<?xml version="1.0" encoding="UTF-8"?>
<testsuite name="demo.DemoApplicationTest" tests="2" skipped="0" failures="0" errors="0" timestamp="2022-05-19T10:52:30" hostname="Mb-2.local" time="0.033">
  <properties/>
  <testcase name="instanceHasAGetHelloMethod" classname="demo.DemoApplicationTest" time="0.032"/>
  <testcase name="getHelloMethodReturnHelloWorldString" classname="demo.DemoApplicationTest" time="0.0"/>
  <system-out><![CDATA[]]></system-out>
  <system-err><![CDATA[]]></system-err>
</testsuite>
